<?xml version="1.0" encoding="UTF-8"?>
<testsuite name="test1"
           tests="29"
           failures="0"
           errors="0"
           skipped="0"
           time="0.042">
    <properties></properties>



            <testcase
                name="test1"
                time="0.000"
                classname="testgrade">
            </testcase>
            <testcase
                name="test1"
                time="0.015"
                classname="testgrade">
            </testcase>
            <testcase
                name="test1"
                time="0.000"
                classname="testgrade">
            </testcase>
            <testcase
                name="test1"
                time="0.001"
                classname="testgrade">
            </testcase>
            <testcase
                name="test1"
                time="0.000"
                classname="testgrade">
            </testcase>
            <testcase
                name="test1"
                time="0.000"
                classname="testgrade">
            </testcase>
            <testcase
                name="test1"
                time="0.001"
                classname="testgrade">
            </testcase>
            <testcase
                name="test1"
                time="0.000"
                classname="testgrade">
            </testcase>
            <testcase
                name="test1"
                time="0.000"
                classname="testgrade">
            </testcase>
            <testcase
                name="test1"
                time="0.000"
                classname="testgrade">
            </testcase>
            <testcase
                name="test1"
                time="0.001"
                classname="testgrade">
            </testcase>
            <testcase
                name="test1"
                time="0.012"
                classname="testgrade">
            </testcase>
            <testcase
                name="test1"
                time="0.001"
                classname="testgrade">
            </testcase>
            <testcase
                name="test1"
                time="0.001"
                classname="testgrade">
            </testcase>
            <testcase
                name="test1"
                time="0.001"
                classname="testgrade">
            </testcase>
            <testcase
                name="test222"
                time="0.000"
                classname="testgrade">
            </testcase>
            <testcase
                name="test1"
                time="0.000"
                classname="testgrade">
            </testcase>
            <testcase
                name="test1"
                time="0.000"
                classname="testgrade">
            </testcase>
            <testcase
                name="test1"
                time="0.001"
                classname="testgrade">
            </testcase>
            <testcase
                name="test1"
                time="0.001"
                classname="testgrade">
            </testcase>
            <testcase
                name="test1"
                time="0.001"
                classname="testgrade">
            </testcase>
            <testcase
                name="test1"
                time="0.001"
                classname="testgrade">
            </testcase>
            <testcase
                name="test1"
                time="0.001"
                classname="testgrade">
            </testcase>
            <testcase
                name="test1"
                time="0.001"
                classname="testgrade">
            </testcase>
            <testcase
                name="test111"
                time="0.001"
                classname="testgrade">
            </testcase>
            <testcase
                name="test1"
                time="0.000"
                classname="testgrade">
            </testcase>
            <testcase
                name="test1"
                time="0.001"
                classname="testgrade">
            </testcase>
            <testcase
                name="test1"
                time="0.000"
                classname="testgrade">
            </testcase>
            <testcase
                name="test1"
                time="0.001"
                classname="testgrade">
            </testcase>
</testsuite>
