<?xml version="1.0" encoding="UTF-8"?>
<testsuite name="test3"
           tests="5"
           failures="0"
           errors="0"
           skipped="0"
           time="0.004">
    <properties></properties>



            <testcase
                name="testt444"
                time="0.000"
                classname="testAnn">
            </testcase>
            <testcase
                name="test333"
                time="0.001"
                classname="testAnn">
            </testcase>
            <testcase
                name="testt555"
                time="0.000"
                classname="testAnn">
            </testcase>
            <testcase
                name="test222"
                time="0.001"
                classname="testAnn">
            </testcase>
            <testcase
                name="test111"
                time="0.002"
                classname="testAnn">
            </testcase>
</testsuite>
